Warning[205] C:\USERS\EDWIN\DOWNLOADS\CAFETERA\CAFETERA.ASM 1 : Found directive in column 1. (__CONFIG)
Warning[205] C:\USERS\EDWIN\DOWNLOADS\CAFETERA\CAFETERA.ASM 2 : Found directive in column 1. (INCLUDE)
Warning[205] C:\USERS\EDWIN\DOWNLOADS\CAFETERA\CAFETERA.ASM 4 : Found directive in column 1. (CBLOCK)
Warning[205] C:\USERS\EDWIN\DOWNLOADS\CAFETERA\CAFETERA.ASM 13 : Found directive in column 1. (ENDC)
Warning[205] C:\USERS\EDWIN\DOWNLOADS\CAFETERA\CAFETERA.ASM 14 : Found directive in column 1. (ORG)
Warning[203] C:\USERS\EDWIN\DOWNLOADS\CAFETERA\CAFETERA.ASM 15 : Found opcode in column 1. (GOTO)
Warning[203] C:\USERS\EDWIN\DOWNLOADS\CAFETERA\CAFETERA.ASM 27 : Found opcode in column 1. (ADDWF)
Warning[203] C:\USERS\EDWIN\DOWNLOADS\CAFETERA\CAFETERA.ASM 52 : Found opcode in column 1. (BSF)
Warning[203] C:\USERS\EDWIN\DOWNLOADS\CAFETERA\CAFETERA.ASM 53 : Found opcode in column 1. (BCF)
Message[302] C:\USERS\EDWIN\DOWNLOADS\CAFETERA\CAFETERA.ASM 53 : Register in operand not in bank 0.  Ensure that bank bits are correct.
Warning[203] C:\USERS\EDWIN\DOWNLOADS\CAFETERA\CAFETERA.ASM 54 : Found opcode in column 1. (BCF)
Message[302] C:\USERS\EDWIN\DOWNLOADS\CAFETERA\CAFETERA.ASM 54 : Register in operand not in bank 0.  Ensure that bank bits are correct.
Warning[203] C:\USERS\EDWIN\DOWNLOADS\CAFETERA\CAFETERA.ASM 55 : Found opcode in column 1. (BCF)
Message[302] C:\USERS\EDWIN\DOWNLOADS\CAFETERA\CAFETERA.ASM 55 : Register in operand not in bank 0.  Ensure that bank bits are correct.
Warning[203] C:\USERS\EDWIN\DOWNLOADS\CAFETERA\CAFETERA.ASM 56 : Found opcode in column 1. (BSF)
Message[302] C:\USERS\EDWIN\DOWNLOADS\CAFETERA\CAFETERA.ASM 56 : Register in operand not in bank 0.  Ensure that bank bits are correct.
Warning[203] C:\USERS\EDWIN\DOWNLOADS\CAFETERA\CAFETERA.ASM 57 : Found opcode in column 1. (BSF)
Message[302] C:\USERS\EDWIN\DOWNLOADS\CAFETERA\CAFETERA.ASM 57 : Register in operand not in bank 0.  Ensure that bank bits are correct.
Warning[203] C:\USERS\EDWIN\DOWNLOADS\CAFETERA\CAFETERA.ASM 58 : Found opcode in column 1. (BSF)
Message[302] C:\USERS\EDWIN\DOWNLOADS\CAFETERA\CAFETERA.ASM 58 : Register in operand not in bank 0.  Ensure that bank bits are correct.
Warning[203] C:\USERS\EDWIN\DOWNLOADS\CAFETERA\CAFETERA.ASM 59 : Found opcode in column 1. (BSF)
Message[302] C:\USERS\EDWIN\DOWNLOADS\CAFETERA\CAFETERA.ASM 59 : Register in operand not in bank 0.  Ensure that bank bits are correct.
Warning[203] C:\USERS\EDWIN\DOWNLOADS\CAFETERA\CAFETERA.ASM 60 : Found opcode in column 1. (BCF)
Warning[203] C:\USERS\EDWIN\DOWNLOADS\CAFETERA\CAFETERA.ASM 66 : Found opcode in column 1. (BCF)
Warning[203] C:\USERS\EDWIN\DOWNLOADS\CAFETERA\CAFETERA.ASM 67 : Found opcode in column 1. (BCF)
Warning[203] C:\USERS\EDWIN\DOWNLOADS\CAFETERA\CAFETERA.ASM 68 : Found opcode in column 1. (BCF)
Warning[203] C:\USERS\EDWIN\DOWNLOADS\CAFETERA\CAFETERA.ASM 70 : Found opcode in column 1. (CALL)
Error[113]   C:\USERS\EDWIN\DOWNLOADS\CAFETERA\CAFETERA.ASM 70 : Symbol not previously defined (LCD_Inicializa)
Warning[203] C:\USERS\EDWIN\DOWNLOADS\CAFETERA\CAFETERA.ASM 72 : Found opcode in column 1. (MOVLW)
Warning[203] C:\USERS\EDWIN\DOWNLOADS\CAFETERA\CAFETERA.ASM 73 : Found opcode in column 1. (MOVWF)
Warning[203] C:\USERS\EDWIN\DOWNLOADS\CAFETERA\CAFETERA.ASM 74 : Found opcode in column 1. (MOVLW)
Warning[203] C:\USERS\EDWIN\DOWNLOADS\CAFETERA\CAFETERA.ASM 75 : Found opcode in column 1. (MOVWF)
Warning[203] C:\USERS\EDWIN\DOWNLOADS\CAFETERA\CAFETERA.ASM 76 : Found opcode in column 1. (MOVLW)
Warning[203] C:\USERS\EDWIN\DOWNLOADS\CAFETERA\CAFETERA.ASM 77 : Found opcode in column 1. (MOVWF)
Warning[203] C:\USERS\EDWIN\DOWNLOADS\CAFETERA\CAFETERA.ASM 79 : Found opcode in column 1. (MOVLW)
Warning[203] C:\USERS\EDWIN\DOWNLOADS\CAFETERA\CAFETERA.ASM 80 : Found opcode in column 1. (CALL)
Warning[203] C:\USERS\EDWIN\DOWNLOADS\CAFETERA\CAFETERA.ASM 83 : Found opcode in column 1. (MOVLW)
Warning[203] C:\USERS\EDWIN\DOWNLOADS\CAFETERA\CAFETERA.ASM 84 : Found opcode in column 1. (CALL)
Warning[203] C:\USERS\EDWIN\DOWNLOADS\CAFETERA\CAFETERA.ASM 88 : Found opcode in column 1. (MOVLW)
Warning[203] C:\USERS\EDWIN\DOWNLOADS\CAFETERA\CAFETERA.ASM 89 : Found opcode in column 1. (XORWF)
Warning[203] C:\USERS\EDWIN\DOWNLOADS\CAFETERA\CAFETERA.ASM 90 : Found opcode in column 1. (BTFSS)
Warning[203] C:\USERS\EDWIN\DOWNLOADS\CAFETERA\CAFETERA.ASM 91 : Found opcode in column 1. (GOTO)
Error[113]   C:\USERS\EDWIN\DOWNLOADS\CAFETERA\CAFETERA.ASM 91 : Symbol not previously defined (PREG_TINTO_2)
Warning[205] C:\USERS\EDWIN\DOWNLOADS\CAFETERA\LCD_MENS.INC 2 : Found directive in column 1. (CBLOCK)
Warning[205] C:\USERS\EDWIN\DOWNLOADS\CAFETERA\LCD_MENS.INC 7 : Found directive in column 1. (ENDC)
Error[113]   C:\USERS\EDWIN\DOWNLOADS\CAFETERA\LCD_MENS.INC 46 : Symbol not previously defined (LCD_Caracter)
Error[113]   C:\USERS\EDWIN\DOWNLOADS\CAFETERA\LCD_MENS.INC 71 : Symbol not previously defined (LCD_Borra)
Error[113]   C:\USERS\EDWIN\DOWNLOADS\CAFETERA\LCD_MENS.INC 73 : Symbol not previously defined (LCD_CaracteresPorLinea)
Error[113]   C:\USERS\EDWIN\DOWNLOADS\CAFETERA\LCD_MENS.INC 78 : Symbol not previously defined (Retardo_200ms)
Error[113]   C:\USERS\EDWIN\DOWNLOADS\CAFETERA\LCD_MENS.INC 79 : Symbol not previously defined (Retardo_200ms)
Error[113]   C:\USERS\EDWIN\DOWNLOADS\CAFETERA\LCD_MENS.INC 80 : Symbol not previously defined (LCD_CaracteresPorLinea)
Error[113]   C:\USERS\EDWIN\DOWNLOADS\CAFETERA\LCD_MENS.INC 91 : Symbol not previously defined (LCD_Caracter)
Error[111]   C:\USERS\EDWIN\DOWNLOADS\CAFETERA\LCD_MENS.INC 99 : Missing symbol
Warning[205] C:\USERS\EDWIN\DOWNLOADS\CAFETERA\CAFETERA.ASM 97 : Found directive in column 1. (end)
